------------------------------------------------------------------------
JSON Formatted Response:                                               |
------------------------------------------------------------------------
{
    "Meta Data": {
        "1. Information": "Batch Stock Market Quotes",
        "2. Notes": "IEX Real-Time",
        "3. Time Zone": "US/Eastern"
    },
    "Stock Quotes": [
        {
            "1. symbol": "VCV",
            "2. price": "12.4600",
            "3. volume": "--",
            "4. timestamp": "2019-10-16 10:13:08"
        }
    ]
}
------------------------------------------------------------------------
The current price of VCV is: $12.4600
------------------------------------------------------------------------

------------------------------------------------------------------------
JSON Formatted Response:                                               |
------------------------------------------------------------------------
{
    "Meta Data": {
        "1. Information": "Batch Stock Market Quotes",
        "2. Notes": "IEX Real-Time",
        "3. Time Zone": "US/Eastern"
    },
    "Stock Quotes": [
        {
            "1. symbol": "VHI",
            "2. price": "1.9400",
            "3. volume": "22581",
            "4. timestamp": "2019-10-17 13:59:06"
        }
    ]
}
------------------------------------------------------------------------
The current price of VHI is: $1.9400
------------------------------------------------------------------------

------------------------------------------------------------------------
JSON Formatted Response:                                               |
------------------------------------------------------------------------
{
    "Meta Data": {
        "1. Information": "Batch Stock Market Quotes",
        "2. Notes": "IEX Real-Time",
        "3. Time Zone": "US/Eastern"
    },
    "Stock Quotes": [
        {
            "1. symbol": "GAB",
            "2. price": "5.9200",
            "3. volume": "307455",
            "4. timestamp": "2019-10-17 13:11:32"
        }
    ]
}
------------------------------------------------------------------------
The current price of GAB is: $5.9200
------------------------------------------------------------------------

------------------------------------------------------------------------
JSON Formatted Response:                                               |
------------------------------------------------------------------------
{
    "Meta Data": {
        "1. Information": "Batch Stock Market Quotes",
        "2. Notes": "IEX Real-Time",
        "3. Time Zone": "US/Eastern"
    },
    "Stock Quotes": [
        {
            "1. symbol": "KB",
            "2. price": "36.2200",
            "3. volume": "54608",
            "4. timestamp": "2019-10-17 13:18:24"
        }
    ]
}
------------------------------------------------------------------------
The current price of KB is: $36.2200
------------------------------------------------------------------------

------------------------------------------------------------------------
JSON Formatted Response:                                               |
------------------------------------------------------------------------
{
    "Meta Data": {
        "1. Information": "Batch Stock Market Quotes",
        "2. Notes": "IEX Real-Time",
        "3. Time Zone": "US/Eastern"
    },
    "Stock Quotes": [
        {
            "1. symbol": "DCI",
            "2. price": "52.0400",
            "3. volume": "119464",
            "4. timestamp": "2019-10-17 13:54:20"
        }
    ]
}
------------------------------------------------------------------------
The current price of DCI is: $52.0400
------------------------------------------------------------------------

Stock Quotes retrieved successfully!